c:\users\krzysztof\desktop\megaminer\debug\vc143.pdb
c:\users\krzysztof\desktop\megaminer\debug\vc143.idb
c:\users\krzysztof\desktop\megaminer\debug\stb_image.obj
c:\users\krzysztof\desktop\megaminer\debug\vertexbuffer.obj
c:\users\krzysztof\desktop\megaminer\debug\vertexarray.obj
c:\users\krzysztof\desktop\megaminer\debug\texture.obj
c:\users\krzysztof\desktop\megaminer\debug\text.obj
c:\users\krzysztof\desktop\megaminer\debug\storage.obj
c:\users\krzysztof\desktop\megaminer\debug\source.obj
c:\users\krzysztof\desktop\megaminer\debug\shop.obj
c:\users\krzysztof\desktop\megaminer\debug\shader.obj
c:\users\krzysztof\desktop\megaminer\debug\renderer.obj
c:\users\krzysztof\desktop\megaminer\debug\money.obj
c:\users\krzysztof\desktop\megaminer\debug\machine.obj
c:\users\krzysztof\desktop\megaminer\debug\indexbuffer.obj
c:\users\krzysztof\desktop\megaminer\debug\global.obj
c:\users\krzysztof\desktop\megaminer\debug\gameobject.obj
c:\users\krzysztof\desktop\megaminer\debug\camera.obj
c:\users\krzysztof\desktop\megaminer\debug\block.obj
c:\users\krzysztof\desktop\megaminer\debug\shopmenu.obj
c:\users\krzysztof\desktop\megaminer\debug\menushopselltile.obj
c:\users\krzysztof\desktop\megaminer\debug\menushopupgradedrilltile.obj
c:\users\krzysztof\desktop\megaminer\debug\2dsetup.exe
c:\users\krzysztof\desktop\megaminer\debug\2dsetup.ilk
c:\users\krzysztof\desktop\megaminer\debug\2dsetup.pdb
c:\users\krzysztof\desktop\megaminer\debug\backbutton.obj
c:\users\krzysztof\desktop\megaminer\debug\background.obj
c:\users\krzysztof\desktop\megaminer\debug\ball.obj
c:\users\krzysztof\desktop\megaminer\debug\ballblock.obj
c:\users\krzysztof\desktop\megaminer\debug\cell.obj
c:\users\krzysztof\desktop\megaminer\debug\collisionmanager.obj
c:\users\krzysztof\desktop\megaminer\debug\highscoresbutton.obj
c:\users\krzysztof\desktop\megaminer\debug\rocket.obj
c:\users\krzysztof\desktop\megaminer\debug\startbutton.obj
c:\users\krzysztof\desktop\megaminer\debug\machine.obj.enc
c:\users\krzysztof\desktop\megaminer\debug\source.obj.enc
c:\users\krzysztof\desktop\megaminer\debug\texture.obj.enc
c:\users\krzysztof\desktop\megaminer\debug\vertexarray.obj.enc
c:\users\krzysztof\desktop\megaminer\debug\arkanoid.ilk
c:\users\krzysztof\desktop\megaminer\debug\opengl.ilk
c:\users\krzysztof\desktop\megaminer\debug\vc142.idb
c:\users\krzysztof\desktop\megaminer\debug\arkanoid.pdb
c:\users\krzysztof\desktop\megaminer\debug\opengl.pdb
c:\users\krzysztof\desktop\megaminer\debug\vc142.pdb
c:\users\krzysztof\desktop\megaminer\debug\2dsetup.tlog\cl.command.1.tlog
c:\users\krzysztof\desktop\megaminer\debug\2dsetup.tlog\cl.items.tlog
c:\users\krzysztof\desktop\megaminer\debug\2dsetup.tlog\cl.read.1.tlog
c:\users\krzysztof\desktop\megaminer\debug\2dsetup.tlog\cl.write.1.tlog
c:\users\krzysztof\desktop\megaminer\debug\2dsetup.tlog\link.command.1.tlog
c:\users\krzysztof\desktop\megaminer\debug\2dsetup.tlog\link.read.1.tlog
c:\users\krzysztof\desktop\megaminer\debug\2dsetup.tlog\link.write.1.tlog
